TN:
SF:/Users/juan/Repositories/timetonic/interfaces/TTCApi/index.js
FNF:0
FNH:0
DA:1,1
DA:2,1
DA:5,1
LF:3
LH:3
BRF:0
BRH:0
end_of_record
TN:
SF:/Users/juan/Repositories/timetonic/interfaces/TTCApi/TTC/Book.js
FN:14,(anonymous_0)
FN:24,(anonymous_1)
FN:39,(anonymous_2)
FN:40,(anonymous_3)
FN:47,(anonymous_4)
FN:53,(anonymous_5)
FN:54,(anonymous_6)
FN:65,(anonymous_7)
FN:66,(anonymous_8)
FN:77,(anonymous_9)
FN:91,(anonymous_10)
FN:92,(anonymous_11)
FN:106,(anonymous_12)
FN:107,(anonymous_13)
FN:112,(anonymous_14)
FN:113,(anonymous_15)
FN:118,(anonymous_16)
FN:126,(anonymous_17)
FN:152,(anonymous_18)
FN:153,(anonymous_19)
FN:168,(anonymous_20)
FN:169,(anonymous_21)
FN:203,(anonymous_22)
FN:204,(anonymous_23)
FN:227,(anonymous_24)
FN:247,(anonymous_25)
FN:264,(anonymous_26)
FN:266,(anonymous_27)
FN:271,(anonymous_28)
FN:291,(anonymous_29)
FN:293,(anonymous_30)
FNF:31
FNH:14
FNDA:5,(anonymous_0)
FNDA:7,(anonymous_1)
FNDA:5,(anonymous_2)
FNDA:5,(anonymous_3)
FNDA:5,(anonymous_4)
FNDA:15,(anonymous_5)
FNDA:10,(anonymous_6)
FNDA:2,(anonymous_7)
FNDA:2,(anonymous_8)
FNDA:2,(anonymous_9)
FNDA:4,(anonymous_10)
FNDA:4,(anonymous_11)
FNDA:0,(anonymous_12)
FNDA:0,(anonymous_13)
FNDA:0,(anonymous_14)
FNDA:0,(anonymous_15)
FNDA:0,(anonymous_16)
FNDA:0,(anonymous_17)
FNDA:0,(anonymous_18)
FNDA:0,(anonymous_19)
FNDA:2,(anonymous_20)
FNDA:2,(anonymous_21)
FNDA:0,(anonymous_22)
FNDA:0,(anonymous_23)
FNDA:0,(anonymous_24)
FNDA:0,(anonymous_25)
FNDA:0,(anonymous_26)
FNDA:0,(anonymous_27)
FNDA:0,(anonymous_28)
FNDA:0,(anonymous_29)
FNDA:0,(anonymous_30)
DA:2,1
DA:4,1
DA:6,1
DA:7,1
DA:8,1
DA:9,1
DA:11,1
DA:15,5
DA:16,5
DA:17,5
DA:18,5
DA:19,5
DA:20,5
DA:21,5
DA:25,7
DA:40,5
DA:41,5
DA:42,5
DA:43,5
DA:44,5
DA:45,5
DA:46,5
DA:48,5
DA:49,5
DA:50,0
DA:52,5
DA:53,15
DA:54,10
DA:55,5
DA:57,0
DA:66,2
DA:67,2
DA:68,0
DA:70,2
DA:71,2
DA:72,2
DA:73,2
DA:74,1
DA:76,2
DA:78,2
DA:79,2
DA:80,2
DA:82,2
DA:83,2
DA:85,0
DA:92,4
DA:93,4
DA:94,0
DA:96,4
DA:97,8
DA:98,8
DA:99,4
DA:102,0
DA:107,0
DA:108,0
DA:109,0
DA:111,0
DA:112,0
DA:114,0
DA:115,0
DA:116,0
DA:117,0
DA:118,0
DA:119,0
DA:121,0
DA:122,0
DA:125,0
DA:126,0
DA:127,0
DA:129,0
DA:130,0
DA:134,0
DA:135,0
DA:136,0
DA:137,0
DA:138,0
DA:139,0
DA:142,0
DA:145,0
DA:153,0
DA:154,0
DA:155,0
DA:156,0
DA:158,0
DA:159,0
DA:160,0
DA:161,0
DA:164,0
DA:169,2
DA:171,2
DA:172,2
DA:173,2
DA:174,2
DA:175,2
DA:178,2
DA:179,0
DA:181,2
DA:204,0
DA:205,0
DA:206,0
DA:207,0
DA:223,0
DA:224,0
DA:225,0
DA:226,0
DA:228,0
DA:229,0
DA:233,0
DA:234,0
DA:236,0
DA:237,0
DA:240,0
DA:241,0
DA:242,0
DA:243,0
DA:244,0
DA:245,0
DA:248,0
DA:249,0
DA:250,0
DA:253,0
DA:257,0
DA:265,0
DA:266,0
DA:267,0
DA:272,0
DA:273,0
DA:274,0
DA:276,0
DA:277,0
DA:278,0
DA:279,0
DA:280,0
DA:281,0
DA:282,0
DA:283,0
DA:284,0
DA:287,0
DA:288,0
DA:289,0
DA:290,0
DA:292,0
DA:293,0
DA:294,0
DA:296,0
DA:297,0
DA:300,0
DA:303,0
DA:304,0
DA:305,0
DA:308,0
DA:315,1
LF:152
LH:56
BRDA:30,0,0,0
BRDA:30,0,1,7
BRDA:31,1,0,0
BRDA:31,1,1,7
BRDA:32,2,0,0
BRDA:32,2,1,7
BRDA:42,3,0,0
BRDA:42,3,1,5
BRDA:43,4,0,0
BRDA:43,4,1,5
BRDA:48,5,0,5
BRDA:48,5,1,0
BRDA:49,6,0,0
BRDA:49,6,1,5
BRDA:67,7,0,0
BRDA:67,7,1,2
BRDA:67,8,0,2
BRDA:67,8,1,0
BRDA:73,9,0,1
BRDA:73,9,1,1
BRDA:78,10,0,2
BRDA:78,10,1,0
BRDA:79,11,0,2
BRDA:79,11,1,0
BRDA:93,12,0,0
BRDA:93,12,1,4
BRDA:98,13,0,4
BRDA:98,13,1,4
BRDA:108,14,0,0
BRDA:108,14,1,0
BRDA:117,15,0,0
BRDA:117,15,1,0
BRDA:121,16,0,0
BRDA:121,16,1,0
BRDA:121,17,0,0
BRDA:121,17,1,0
BRDA:125,18,0,0
BRDA:125,18,1,0
BRDA:129,19,0,0
BRDA:129,19,1,0
BRDA:129,20,0,0
BRDA:129,20,1,0
BRDA:134,21,0,0
BRDA:134,21,1,0
BRDA:134,22,0,0
BRDA:134,22,1,0
BRDA:138,23,0,0
BRDA:138,23,1,0
BRDA:154,24,0,0
BRDA:154,24,1,0
BRDA:155,25,0,0
BRDA:155,25,1,0
BRDA:160,26,0,0
BRDA:160,26,1,0
BRDA:160,27,0,0
BRDA:160,27,1,0
BRDA:173,28,0,2
BRDA:173,28,1,0
BRDA:178,29,0,0
BRDA:178,29,1,2
BRDA:229,30,0,0
BRDA:229,30,1,0
BRDA:229,31,0,0
BRDA:229,31,1,0
BRDA:229,31,2,0
BRDA:233,32,0,0
BRDA:233,32,1,0
BRDA:236,33,0,0
BRDA:236,33,1,0
BRDA:248,34,0,0
BRDA:248,34,1,0
BRDA:249,35,0,0
BRDA:249,35,1,0
BRDA:249,36,0,0
BRDA:249,36,1,0
BRDA:272,37,0,0
BRDA:272,37,1,0
BRDA:292,38,0,0
BRDA:292,38,1,0
BRDA:296,39,0,0
BRDA:296,39,1,0
BRDA:303,40,0,0
BRDA:303,40,1,0
BRDA:303,41,0,0
BRDA:303,41,1,0
BRF:85
BRH:18
end_of_record
